\BOOKMARK [1][-]{section*.2}{\376\377\000I\000n\000t\000r\000o\000d\000u\000c\000t\000i\000o\000n}{}% 1
\BOOKMARK [1][-]{section*.3}{\376\377\000A\000c\000c\000e\000s\000s\000i\000b\000i\000l\000i\000t\000y\000\040\000m\000e\000a\000s\000u\000r\000e\000s\000\040\000r\000e\000v\000i\000s\000i\000t\000e\000d}{}% 2
\BOOKMARK [2][-]{section*.4}{\376\377\000H\000a\000n\000s\000e\000n\000-\000t\000y\000p\000e\000\040\000a\000c\000c\000e\000s\000s\000i\000b\000i\000l\000i\000t\000y}{section*.3}% 3
\BOOKMARK [2][-]{section*.5}{\376\377\000S\000h\000e\000n\000-\000t\000y\000p\000e\000\040\000c\000o\000m\000p\000e\000t\000i\000t\000i\000v\000e\000\040\000a\000c\000c\000e\000s\000s\000i\000b\000i\000l\000i\000t\000y}{section*.3}% 4
\BOOKMARK [2][-]{section*.6}{\376\377\000S\000h\000e\000n\000'\000s\000\040\000s\000y\000n\000t\000h\000e\000t\000i\000c\000\040\000e\000x\000a\000m\000p\000l\000e}{section*.3}% 5
\BOOKMARK [1][-]{section*.11}{\376\377\000I\000n\000t\000r\000o\000d\000u\000c\000i\000n\000g\000\040\000s\000p\000a\000t\000i\000a\000l\000\040\000a\000v\000a\000i\000l\000a\000b\000i\000l\000i\000t\000y\000:\000\040\000a\000\040\000s\000i\000n\000g\000l\000y\000-\000c\000o\000n\000s\000t\000r\000a\000i\000n\000e\000d\000\040\000m\000e\000a\000s\000u\000r\000e\000\040\000o\000f\000\040\000a\000c\000c\000e\000s\000s\000i\000b\000i\000l\000i\000t\000y}{}% 6
\BOOKMARK [2][-]{section*.12}{\376\377\000P\000r\000o\000p\000o\000r\000t\000i\000o\000n\000a\000l\000\040\000a\000l\000l\000o\000c\000a\000t\000i\000o\000n\000\040\000b\000y\000\040\000p\000o\000p\000u\000l\000a\000t\000i\000o\000n}{section*.11}% 7
\BOOKMARK [2][-]{section*.13}{\376\377\000P\000r\000o\000p\000o\000r\000t\000i\000o\000n\000a\000l\000\040\000a\000l\000l\000o\000c\000a\000t\000i\000o\000n\000\040\000b\000y\000\040\000c\000o\000s\000t}{section*.11}% 8
\BOOKMARK [2][-]{section*.14}{\376\377\000A\000s\000s\000e\000m\000b\000l\000i\000n\000g\000\040\000m\000a\000s\000s\000\040\000a\000n\000d\000\040\000i\000m\000p\000e\000d\000a\000n\000c\000e\000\040\000e\000f\000f\000e\000c\000t\000s}{section*.11}% 9
\BOOKMARK [2][-]{section*.15}{\376\377\000W\000h\000y\000\040\000d\000o\000e\000s\000\040\000p\000r\000o\000p\000o\000r\000t\000i\000o\000n\000a\000l\000\040\000a\000l\000l\000o\000c\000a\000t\000i\000o\000n\000\040\000m\000a\000t\000t\000e\000r\000?}{section*.11}% 10
\BOOKMARK [1][-]{section*.16}{\376\377\000E\000m\000p\000i\000r\000i\000c\000a\000l\000\040\000e\000x\000a\000m\000p\000l\000e\000\040\000o\000f\000\040\000T\000o\000r\000o\000n\000t\000o}{}% 11
\BOOKMARK [2][-]{section*.17}{\376\377\000G\000G\000H\000\040\000D\000a\000t\000a}{section*.16}% 12
\BOOKMARK [2][-]{section*.19}{\376\377\000S\000p\000a\000t\000i\000a\000l\000\040\000e\000m\000p\000l\000o\000y\000m\000e\000n\000t\000\040\000c\000h\000a\000r\000a\000c\000t\000e\000r\000i\000s\000t\000i\000c\000s\000\040\000i\000n\000\040\000T\000o\000r\000o\000n\000t\000o}{section*.16}% 13
\BOOKMARK [2][-]{section*.22}{\376\377\000C\000a\000l\000i\000b\000r\000a\000t\000i\000o\000n\000\040\000o\000f\000\040\000a\000n\000\040\000i\000m\000p\000e\000d\000a\000n\000c\000e\000\040\000f\000u\000n\000c\000t\000i\000o\000n\000\040\000f\000o\000r\000\040\000T\000o\000r\000o\000n\000t\000o}{section*.16}% 14
\BOOKMARK [2][-]{section*.24}{\376\377\000A\000c\000c\000e\000s\000s\000i\000b\000i\000l\000i\000t\000y\000\040\000a\000n\000d\000\040\000s\000p\000a\000t\000i\000a\000l\000\040\000a\000v\000a\000i\000l\000a\000b\000i\000l\000i\000t\000y\000\040\000o\000f\000\040\000j\000o\000b\000s\000\040\000i\000n\000\040\000T\000o\000r\000o\000n\000t\000o}{section*.16}% 15
\BOOKMARK [3][-]{section*.25}{\376\377\000A\000b\000s\000o\000l\000u\000t\000e\000\040\000o\000p\000p\000o\000r\000t\000u\000n\000i\000t\000y\000\040\000v\000a\000l\000u\000e\000s}{section*.24}% 16
\BOOKMARK [3][-]{section*.27}{\376\377\000I\000n\000t\000e\000r\000n\000a\000l\000\040\000v\000a\000l\000u\000e\000s}{section*.24}% 17
\BOOKMARK [3][-]{section*.29}{\376\377\000B\000e\000n\000c\000h\000m\000a\000r\000k\000i\000n\000g\000\040\000o\000p\000p\000o\000r\000t\000u\000n\000i\000t\000y\000\040\000a\000v\000a\000i\000l\000a\000b\000i\000l\000i\000t\000y}{section*.24}% 18
\BOOKMARK [1][-]{section*.31}{\376\377\000C\000o\000n\000c\000l\000u\000s\000i\000o\000n}{}% 19
\BOOKMARK [1][-]{section*.32}{\376\377\000A\000p\000p\000e\000n\000d\000i\000x\000\040\000A}{}% 20
\BOOKMARK [1][-]{section*.33}{\376\377\000R\000e\000f\000e\000r\000e\000n\000c\000e\000s}{}% 21
