This is pdfTeX, Version 3.141592653-2.6-1.40.23 (TeX Live 2022/dev) (preloaded format=pdflatex 2021.9.16)  22 DEC 2021 15:03
entering extended mode
 restricted \write18 enabled.
 %&-line parsing enabled.
**Spatial-Availability.tex
(./Spatial-Availability.tex
LaTeX2e <2021-06-01> patch level 1
L3 programming layer <2021-08-27> (./elsarticle.cls
Document Class: elsarticle 2008/05/22, 1.0.1: Elsevier Science
\@bls=\dimen138
(/Users/chris/Library/TinyTeX/texmf-dist/tex/latex/base/article.cls
Document Class: article 2021/02/12 v1.4n Standard LaTeX document class
(/Users/chris/Library/TinyTeX/texmf-dist/tex/latex/base/size10.clo
File: size10.clo 2021/02/12 v1.4n Standard LaTeX file (size option)
)
\c@part=\count182
\c@section=\count183
\c@subsection=\count184
\c@subsubsection=\count185
\c@paragraph=\count186
\c@subparagraph=\count187
\c@figure=\count188
\c@table=\count189
\abovecaptionskip=\skip47
\belowcaptionskip=\skip48
\bibindent=\dimen139
) (/Users/chris/Library/TinyTeX/texmf-dist/tex/latex/graphics/graphicx.sty
Package: graphicx 2020/12/05 v1.2c Enhanced LaTeX Graphics (DPC,SPQR)
(/Users/chris/Library/TinyTeX/texmf-dist/tex/latex/graphics/keyval.sty
Package: keyval 2014/10/28 v1.15 key=value parser (DPC)
\KV@toks@=\toks16
) (/Users/chris/Library/TinyTeX/texmf-dist/tex/latex/graphics/graphics.sty
Package: graphics 2021/03/04 v1.4d Standard LaTeX Graphics (DPC,SPQR)
(/Users/chris/Library/TinyTeX/texmf-dist/tex/latex/graphics/trig.sty
Package: trig 2016/01/03 v1.10 sin cos tan (DPC)
) (/Users/chris/Library/TinyTeX/texmf-dist/tex/latex/graphics-cfg/graphics.cfg
File: graphics.cfg 2016/06/04 v1.11 sample graphics configuration
)
Package graphics Info: Driver file: pdftex.def on input line 107.
(/Users/chris/Library/TinyTeX/texmf-dist/tex/latex/graphics-def/pdftex.def
File: pdftex.def 2020/10/05 v1.2a Graphics/color driver for pdftex
))
\Gin@req@height=\dimen140
\Gin@req@width=\dimen141
) (/Users/chris/Library/TinyTeX/texmf-dist/tex/latex/psnfss/pifont.sty
Package: pifont 2020/03/25 PSNFSS-v9.3 Pi font support (SPQR) 
LaTeX Font Info:    Trying to load font information for U+pzd on input line 63.

(/Users/chris/Library/TinyTeX/texmf-dist/tex/latex/psnfss/upzd.fd
File: upzd.fd 2001/06/04 font definitions for U/pzd.
)
LaTeX Font Info:    Trying to load font information for U+psy on input line 64.

(/Users/chris/Library/TinyTeX/texmf-dist/tex/latex/psnfss/upsy.fd
File: upsy.fd 2001/06/04 font definitions for U/psy.
))
\c@tnote=\count190
\c@fnote=\count191
\c@cnote=\count192
\c@ead=\count193
\c@author=\count194
\@eadauthor=\toks17
\c@affn=\count195
\absbox=\box50
\keybox=\box51
\Columnwidth=\dimen142
\space@left=\dimen143
\els@boxa=\box52
\els@boxb=\box53
\leftMargin=\dimen144
\@enLab=\toks18
\@sep=\skip49
\@@sep=\skip50
(./Spatial-Availability.spl) (/Users/chris/Library/TinyTeX/texmf-dist/tex/latex
/natbib/natbib.sty
Package: natbib 2010/09/13 8.31b (PWD, AO)
\bibhang=\skip51
\bibsep=\skip52
LaTeX Info: Redefining \cite on input line 694.
\c@NAT@ctr=\count196
)
\splwrite=\write3
\openout3 = `Spatial-Availability.spl'.

) (/Users/chris/Library/TinyTeX/texmf-dist/tex/latex/url/url.sty
\Urlmuskip=\muskip16
Package: url 2013/09/16  ver 3.4  Verb mode for urls, etc.
) (/Users/chris/Library/TinyTeX/texmf-dist/tex/latex/lineno/lineno.sty
Package: lineno 2005/11/02 line numbers on paragraphs v4.41
\linenopenalty=\count197
\output=\toks19
\linenoprevgraf=\count198
\linenumbersep=\dimen145
\linenumberwidth=\dimen146
\c@linenumber=\count199
\c@pagewiselinenumber=\count266
\c@LN@truepage=\count267
\c@internallinenumber=\count268
\c@internallinenumbers=\count269
\quotelinenumbersep=\dimen147
\bframerule=\dimen148
\bframesep=\dimen149
\bframebox=\box54
LaTeX Info: Redefining \\ on input line 3056.
) (/Users/chris/Library/TinyTeX/texmf-dist/tex/latex/base/fontenc.sty
Package: fontenc 2021/04/29 v2.0v Standard LaTeX package
) (/Users/chris/Library/TinyTeX/texmf-dist/tex/latex/lm/lmodern.sty
Package: lmodern 2015/05/01 v1.6.1 Latin Modern Fonts
LaTeX Font Info:    Overwriting symbol font `operators' in version `normal'
(Font)                  OT1/cmr/m/n --> OT1/lmr/m/n on input line 22.
LaTeX Font Info:    Overwriting symbol font `letters' in version `normal'
(Font)                  OML/cmm/m/it --> OML/lmm/m/it on input line 23.
LaTeX Font Info:    Overwriting symbol font `symbols' in version `normal'
(Font)                  OMS/cmsy/m/n --> OMS/lmsy/m/n on input line 24.
LaTeX Font Info:    Overwriting symbol font `largesymbols' in version `normal'
(Font)                  OMX/cmex/m/n --> OMX/lmex/m/n on input line 25.
LaTeX Font Info:    Overwriting symbol font `operators' in version `bold'
(Font)                  OT1/cmr/bx/n --> OT1/lmr/bx/n on input line 26.
LaTeX Font Info:    Overwriting symbol font `letters' in version `bold'
(Font)                  OML/cmm/b/it --> OML/lmm/b/it on input line 27.
LaTeX Font Info:    Overwriting symbol font `symbols' in version `bold'
(Font)                  OMS/cmsy/b/n --> OMS/lmsy/b/n on input line 28.
LaTeX Font Info:    Overwriting symbol font `largesymbols' in version `bold'
(Font)                  OMX/cmex/m/n --> OMX/lmex/m/n on input line 29.
LaTeX Font Info:    Overwriting math alphabet `\mathbf' in version `normal'
(Font)                  OT1/cmr/bx/n --> OT1/lmr/bx/n on input line 31.
LaTeX Font Info:    Overwriting math alphabet `\mathsf' in version `normal'
(Font)                  OT1/cmss/m/n --> OT1/lmss/m/n on input line 32.
LaTeX Font Info:    Overwriting math alphabet `\mathit' in version `normal'
(Font)                  OT1/cmr/m/it --> OT1/lmr/m/it on input line 33.
LaTeX Font Info:    Overwriting math alphabet `\mathtt' in version `normal'
(Font)                  OT1/cmtt/m/n --> OT1/lmtt/m/n on input line 34.
LaTeX Font Info:    Overwriting math alphabet `\mathbf' in version `bold'
(Font)                  OT1/cmr/bx/n --> OT1/lmr/bx/n on input line 35.
LaTeX Font Info:    Overwriting math alphabet `\mathsf' in version `bold'
(Font)                  OT1/cmss/bx/n --> OT1/lmss/bx/n on input line 36.
LaTeX Font Info:    Overwriting math alphabet `\mathit' in version `bold'
(Font)                  OT1/cmr/bx/it --> OT1/lmr/bx/it on input line 37.
LaTeX Font Info:    Overwriting math alphabet `\mathtt' in version `bold'
(Font)                  OT1/cmtt/m/n --> OT1/lmtt/m/n on input line 38.
) (/Users/chris/Library/TinyTeX/texmf-dist/tex/latex/amsfonts/amssymb.sty
Package: amssymb 2013/01/14 v3.01 AMS font symbols
(/Users/chris/Library/TinyTeX/texmf-dist/tex/latex/amsfonts/amsfonts.sty
Package: amsfonts 2013/01/14 v3.01 Basic AMSFonts support
\@emptytoks=\toks20
\symAMSa=\mathgroup4
\symAMSb=\mathgroup5
LaTeX Font Info:    Redeclaring math symbol \hbar on input line 98.
LaTeX Font Info:    Overwriting math alphabet `\mathfrak' in version `bold'
(Font)                  U/euf/m/n --> U/euf/b/n on input line 106.
)) (/Users/chris/Library/TinyTeX/texmf-dist/tex/latex/amsmath/amsmath.sty
Package: amsmath 2021/04/20 v2.17j AMS math features
\@mathmargin=\skip53
For additional information on amsmath, use the `?' option.
(/Users/chris/Library/TinyTeX/texmf-dist/tex/latex/amsmath/amstext.sty
Package: amstext 2000/06/29 v2.01 AMS text
(/Users/chris/Library/TinyTeX/texmf-dist/tex/latex/amsmath/amsgen.sty
File: amsgen.sty 1999/11/30 v2.0 generic functions
\@emptytoks=\toks21
\ex@=\dimen150
)) (/Users/chris/Library/TinyTeX/texmf-dist/tex/latex/amsmath/amsbsy.sty
Package: amsbsy 1999/11/29 v1.2d Bold Symbols
\pmbraise@=\dimen151
) (/Users/chris/Library/TinyTeX/texmf-dist/tex/latex/amsmath/amsopn.sty
Package: amsopn 2016/03/08 v2.02 operator names
)
\inf@bad=\count270
LaTeX Info: Redefining \frac on input line 234.
\uproot@=\count271
\leftroot@=\count272
LaTeX Info: Redefining \overline on input line 399.
\classnum@=\count273
\DOTSCASE@=\count274
LaTeX Info: Redefining \ldots on input line 496.
LaTeX Info: Redefining \dots on input line 499.
LaTeX Info: Redefining \cdots on input line 620.
\Mathstrutbox@=\box55
\strutbox@=\box56
\big@size=\dimen152
LaTeX Font Info:    Redeclaring font encoding OML on input line 743.
LaTeX Font Info:    Redeclaring font encoding OMS on input line 744.
\macc@depth=\count275
\c@MaxMatrixCols=\count276
\dotsspace@=\muskip17
\c@parentequation=\count277
\dspbrk@lvl=\count278
\tag@help=\toks22
\row@=\count279
\column@=\count280
\maxfields@=\count281
\andhelp@=\toks23
\eqnshift@=\dimen153
\alignsep@=\dimen154
\tagshift@=\dimen155
\tagwidth@=\dimen156
\totwidth@=\dimen157
\lineht@=\dimen158
\@envbody=\toks24
\multlinegap=\skip54
\multlinetaggap=\skip55
\mathdisplay@stack=\toks25
LaTeX Info: Redefining \[ on input line 2923.
LaTeX Info: Redefining \] on input line 2924.
) (/Users/chris/Library/TinyTeX/texmf-dist/tex/generic/iftex/ifxetex.sty
Package: ifxetex 2019/10/25 v0.7 ifxetex legacy package. Use iftex instead.
(/Users/chris/Library/TinyTeX/texmf-dist/tex/generic/iftex/iftex.sty
Package: iftex 2020/03/06 v1.0d TeX engine tests
)) (/Users/chris/Library/TinyTeX/texmf-dist/tex/generic/iftex/ifluatex.sty
Package: ifluatex 2019/10/25 v1.5 ifluatex legacy package. Use iftex instead.
) (/Users/chris/Library/TinyTeX/texmf-dist/tex/latex/base/fixltx2e.sty
Package: fixltx2e 2016/12/29 v2.1a fixes to LaTeX (obsolete)
Applying: [2015/01/01] Old fixltx2e package on input line 46.

Package fixltx2e Warning: fixltx2e is not required with releases after 2015
(fixltx2e)                All fixes are now in the LaTeX kernel.
(fixltx2e)                See the latexrelease package for details.

Already applied: [0000/00/00] Old fixltx2e package on input line 53.
) (/Users/chris/Library/TinyTeX/texmf-dist/tex/latex/base/inputenc.sty
Package: inputenc 2021/02/14 v1.3d Input encoding file
\inpenc@prehook=\toks26
\inpenc@posthook=\toks27
) (/Users/chris/Library/TinyTeX/texmf-dist/tex/latex/microtype/microtype.sty
Package: microtype 2021/03/14 v2.8c Micro-typographical refinements (RS)
\MT@toks=\toks28
\MT@count=\count282
LaTeX Info: Redefining \textls on input line 790.
\MT@outer@kern=\dimen159
LaTeX Info: Redefining \textmicrotypecontext on input line 1374.
\MT@listname@count=\count283

(/Users/chris/Library/TinyTeX/texmf-dist/tex/latex/microtype/microtype-pdftex.d
ef
File: microtype-pdftex.def 2021/03/14 v2.8c Definitions specific to pdftex (RS)

LaTeX Info: Redefining \lsstyle on input line 915.
LaTeX Info: Redefining \lslig on input line 915.
\MT@outer@space=\skip56
)
Package microtype Info: Loading configuration file microtype.cfg.
(/Users/chris/Library/TinyTeX/texmf-dist/tex/latex/microtype/microtype.cfg
File: microtype.cfg 2021/03/14 v2.8c microtype main configuration file (RS)
)) (/Users/chris/Library/TinyTeX/texmf-dist/tex/latex/hyperref/hyperref.sty
Package: hyperref 2021-06-07 v7.00m Hypertext links for LaTeX
(/Users/chris/Library/TinyTeX/texmf-dist/tex/generic/ltxcmds/ltxcmds.sty
Package: ltxcmds 2020-05-10 v1.25 LaTeX kernel commands for general use (HO)
) (/Users/chris/Library/TinyTeX/texmf-dist/tex/generic/pdftexcmds/pdftexcmds.st
y
Package: pdftexcmds 2020-06-27 v0.33 Utility functions of pdfTeX for LuaTeX (HO
)
(/Users/chris/Library/TinyTeX/texmf-dist/tex/generic/infwarerr/infwarerr.sty
Package: infwarerr 2019/12/03 v1.5 Providing info/warning/error messages (HO)
)
Package pdftexcmds Info: \pdf@primitive is available.
Package pdftexcmds Info: \pdf@ifprimitive is available.
Package pdftexcmds Info: \pdfdraftmode found.
) (/Users/chris/Library/TinyTeX/texmf-dist/tex/generic/kvsetkeys/kvsetkeys.sty
Package: kvsetkeys 2019/12/15 v1.18 Key value parser (HO)
)
(/Users/chris/Library/TinyTeX/texmf-dist/tex/generic/kvdefinekeys/kvdefinekeys.
sty
Package: kvdefinekeys 2019-12-19 v1.6 Define keys (HO)
) (/Users/chris/Library/TinyTeX/texmf-dist/tex/generic/pdfescape/pdfescape.sty
Package: pdfescape 2019/12/09 v1.15 Implements pdfTeX's escape features (HO)
) (/Users/chris/Library/TinyTeX/texmf-dist/tex/latex/hycolor/hycolor.sty
Package: hycolor 2020-01-27 v1.10 Color options for hyperref/bookmark (HO)
) (/Users/chris/Library/TinyTeX/texmf-dist/tex/latex/letltxmacro/letltxmacro.st
y
Package: letltxmacro 2019/12/03 v1.6 Let assignment for LaTeX macros (HO)
) (/Users/chris/Library/TinyTeX/texmf-dist/tex/latex/auxhook/auxhook.sty
Package: auxhook 2019-12-17 v1.6 Hooks for auxiliary files (HO)
) (/Users/chris/Library/TinyTeX/texmf-dist/tex/latex/kvoptions/kvoptions.sty
Package: kvoptions 2020-10-07 v3.14 Key value format for package options (HO)
)
\@linkdim=\dimen160
\Hy@linkcounter=\count284
\Hy@pagecounter=\count285
(/Users/chris/Library/TinyTeX/texmf-dist/tex/latex/hyperref/pd1enc.def
File: pd1enc.def 2021-06-07 v7.00m Hyperref: PDFDocEncoding definition (HO)
Now handling font encoding PD1 ...
... no UTF-8 mapping file for font encoding PD1
)
(/Users/chris/Library/TinyTeX/texmf-dist/tex/latex/hyperref/hyperref-langpatche
s.def
File: hyperref-langpatches.def 2021-06-07 v7.00m Hyperref: patches for babel la
nguages
) (/Users/chris/Library/TinyTeX/texmf-dist/tex/generic/intcalc/intcalc.sty
Package: intcalc 2019/12/15 v1.3 Expandable calculations with integers (HO)
) (/Users/chris/Library/TinyTeX/texmf-dist/tex/generic/etexcmds/etexcmds.sty
Package: etexcmds 2019/12/15 v1.7 Avoid name clashes with e-TeX commands (HO)
)
\Hy@SavedSpaceFactor=\count286
(/Users/chris/Library/TinyTeX/texmf-dist/tex/latex/hyperref/puenc.def
File: puenc.def 2021-06-07 v7.00m Hyperref: PDF Unicode definition (HO)
Now handling font encoding PU ...
... no UTF-8 mapping file for font encoding PU
)
Package hyperref Info: Option `unicode' set `true' on input line 4073.
Package hyperref Info: Hyper figures OFF on input line 4192.
Package hyperref Info: Link nesting OFF on input line 4197.
Package hyperref Info: Hyper index ON on input line 4200.
Package hyperref Info: Plain pages OFF on input line 4207.
Package hyperref Info: Backreferencing OFF on input line 4212.
Package hyperref Info: Implicit mode ON; LaTeX internals redefined.
Package hyperref Info: Bookmarks ON on input line 4445.
\c@Hy@tempcnt=\count287
LaTeX Info: Redefining \url on input line 4804.
\XeTeXLinkMargin=\dimen161
(/Users/chris/Library/TinyTeX/texmf-dist/tex/generic/bitset/bitset.sty
Package: bitset 2019/12/09 v1.3 Handle bit-vector datatype (HO)
(/Users/chris/Library/TinyTeX/texmf-dist/tex/generic/bigintcalc/bigintcalc.sty
Package: bigintcalc 2019/12/15 v1.5 Expandable calculations on big integers (HO
)
))
\Fld@menulength=\count288
\Field@Width=\dimen162
\Fld@charsize=\dimen163
Package hyperref Info: Hyper figures OFF on input line 6076.
Package hyperref Info: Link nesting OFF on input line 6081.
Package hyperref Info: Hyper index ON on input line 6084.
Package hyperref Info: backreferencing OFF on input line 6091.
Package hyperref Info: Link coloring OFF on input line 6096.
Package hyperref Info: Link coloring with OCG OFF on input line 6101.
Package hyperref Info: PDF/A mode OFF on input line 6106.
LaTeX Info: Redefining \ref on input line 6146.
LaTeX Info: Redefining \pageref on input line 6150.
(/Users/chris/Library/TinyTeX/texmf-dist/tex/latex/base/atbegshi-ltx.sty
Package: atbegshi-ltx 2021/01/10 v1.0c Emulation of the original atbegshi
package with kernel methods
)
\Hy@abspage=\count289
\c@Item=\count290
\c@Hfootnote=\count291
)
Package hyperref Info: Driver (autodetected): hpdftex.
(/Users/chris/Library/TinyTeX/texmf-dist/tex/latex/hyperref/hpdftex.def
File: hpdftex.def 2021-06-07 v7.00m Hyperref driver for pdfTeX
(/Users/chris/Library/TinyTeX/texmf-dist/tex/latex/base/atveryend-ltx.sty
Package: atveryend-ltx 2020/08/19 v1.0a Emulation of the original atvery packag
e
with kernel methods
)
\Fld@listcount=\count292
\c@bookmark@seq@number=\count293

(/Users/chris/Library/TinyTeX/texmf-dist/tex/latex/rerunfilecheck/rerunfilechec
k.sty
Package: rerunfilecheck 2019/12/05 v1.9 Rerun checks for auxiliary files (HO)

(/Users/chris/Library/TinyTeX/texmf-dist/tex/generic/uniquecounter/uniquecounte
r.sty
Package: uniquecounter 2019/12/15 v1.4 Provide unlimited unique counter (HO)
)
Package uniquecounter Info: New unique counter `rerunfilecheck' on input line 2
86.
)
\Hy@SectionHShift=\skip57
)
Package hyperref Info: Option `breaklinks' set `true' on input line 49.

Package hyperref Warning: Option `bookmarks' has already been used,
(hyperref)                setting the option has no effect on input line 49.

Package hyperref Info: Option `colorlinks' set `false' on input line 49.
\cslhangindent=\skip58
\csllabelwidth=\skip59
(/Users/chris/Library/TinyTeX/texmf-dist/tex/latex/tools/calc.sty
Package: calc 2017/05/25 v4.3 Infix arithmetic (KKT,FJ)
\calc@Acount=\count294
\calc@Bcount=\count295
\calc@Adimen=\dimen164
\calc@Bdimen=\dimen165
\calc@Askip=\skip60
\calc@Bskip=\skip61
LaTeX Info: Redefining \setlength on input line 80.
LaTeX Info: Redefining \addtolength on input line 81.
\calc@Ccount=\count296
\calc@Cskip=\skip62
) (/Users/chris/Library/TinyTeX/texmf-dist/tex/latex/booktabs/booktabs.sty
Package: booktabs 2020/01/12 v1.61803398 Publication quality tables
\heavyrulewidth=\dimen166
\lightrulewidth=\dimen167
\cmidrulewidth=\dimen168
\belowrulesep=\dimen169
\belowbottomsep=\dimen170
\aboverulesep=\dimen171
\abovetopsep=\dimen172
\cmidrulesep=\dimen173
\cmidrulekern=\dimen174
\defaultaddspace=\dimen175
\@cmidla=\count297
\@cmidlb=\count298
\@aboverulesep=\dimen176
\@belowrulesep=\dimen177
\@thisruleclass=\count299
\@lastruleclass=\count300
\@thisrulewidth=\dimen178
) (/Users/chris/Library/TinyTeX/texmf-dist/tex/latex/tools/longtable.sty
Package: longtable 2021-05-07 v4.16 Multi-page Table package (DPC)
\LTleft=\skip63
\LTright=\skip64
\LTpre=\skip65
\LTpost=\skip66
\LTchunksize=\count301
\LTcapwidth=\dimen179
\LT@head=\box57
\LT@firsthead=\box58
\LT@foot=\box59
\LT@lastfoot=\box60
\LT@gbox=\box61
\LT@cols=\count302
\LT@rows=\count303
\c@LT@tables=\count304
\c@LT@chunks=\count305
\LT@p@ftn=\toks29
) (/Users/chris/Library/TinyTeX/texmf-dist/tex/latex/tools/array.sty
Package: array 2021/04/20 v2.5e Tabular extension package (FMi)
\col@sep=\dimen180
\ar@mcellbox=\box62
\extrarowheight=\dimen181
\NC@list=\toks30
\extratabsurround=\skip67
\backup@length=\skip68
\ar@cellbox=\box63
) (/Users/chris/Library/TinyTeX/texmf-dist/tex/latex/multirow/multirow.sty
Package: multirow 2021/03/15 v2.8 Span multiple rows of a table
\multirow@colwidth=\skip69
\multirow@cntb=\count306
\multirow@dima=\skip70
\bigstrutjot=\dimen182
) (/Users/chris/Library/TinyTeX/texmf-dist/tex/latex/wrapfig/wrapfig.sty
\wrapoverhang=\dimen183
\WF@size=\dimen184
\c@WF@wrappedlines=\count307
\WF@box=\box64
\WF@everypar=\toks31
Package: wrapfig 2003/01/31  v 3.6
) (/Users/chris/Library/TinyTeX/texmf-dist/tex/latex/float/float.sty
Package: float 2001/11/08 v1.3d Float enhancements (AL)
\c@float@type=\count308
\float@exts=\toks32
\float@box=\box65
\@float@everytoks=\toks33
\@floatcapt=\box66
) (/Users/chris/Library/TinyTeX/texmf-dist/tex/latex/colortbl/colortbl.sty
Package: colortbl 2020/01/04 v1.0e Color table columns (DPC)
(/Users/chris/Library/TinyTeX/texmf-dist/tex/latex/graphics/color.sty
Package: color 2020/02/24 v1.2b Standard LaTeX Color (DPC)
(/Users/chris/Library/TinyTeX/texmf-dist/tex/latex/graphics-cfg/color.cfg
File: color.cfg 2016/01/02 v1.6 sample color configuration
)
Package color Info: Driver file: pdftex.def on input line 149.
)
\everycr=\toks34
\minrowclearance=\skip71
) (/Users/chris/Library/TinyTeX/texmf-dist/tex/latex/pdflscape/pdflscape.sty
Package: pdflscape 2019/12/05 v0.12 Display of landscape pages in PDF (HO)
(/Users/chris/Library/TinyTeX/texmf-dist/tex/latex/graphics/lscape.sty
Package: lscape 2020/05/28 v3.02 Landscape Pages (DPC)
)
Package pdflscape Info: Auto-detected driver: pdftex on input line 81.
) (/Users/chris/Library/TinyTeX/texmf-dist/tex/latex/tabu/tabu.sty
Package: tabu 2019/01/11 v2.9 - flexible LaTeX tabulars (FC+tabu-fixed)
(/Users/chris/Library/TinyTeX/texmf-dist/tex/latex/varwidth/varwidth.sty
Package: varwidth 2009/03/30 ver 0.92;  Variable-width minipages
\@vwid@box=\box67
\sift@deathcycles=\count309
\@vwid@loff=\dimen185
\@vwid@roff=\dimen186
)
\c@taburow=\count310
\tabu@nbcols=\count311
\tabu@cnt=\count312
\tabu@Xcol=\count313
\tabu@alloc=\count314
\tabu@nested=\count315
\tabu@target=\dimen187
\tabu@spreadtarget=\dimen188
\tabu@naturalX=\dimen189
\tabucolX=\dimen190
\tabu@Xsum=\dimen191
\extrarowdepth=\dimen192
\abovetabulinesep=\dimen193
\belowtabulinesep=\dimen194
\tabustrutrule=\dimen195
\tabu@thebody=\toks35
\tabu@footnotes=\toks36
\tabu@box=\box68
\tabu@arstrutbox=\box69
\tabu@hleads=\box70
\tabu@vleads=\box71
\tabu@cellskip=\skip72
)
(/Users/chris/Library/TinyTeX/texmf-dist/tex/latex/threeparttable/threeparttabl
e.sty
Package: threeparttable 2003/06/13  v 3.0
\@tempboxb=\box72
)
(/Users/chris/Library/TinyTeX/texmf-dist/tex/latex/threeparttablex/threeparttab
lex.sty
Package: threeparttablex 2013/07/23 v0.3 by daleif
(/Users/chris/Library/TinyTeX/texmf-dist/tex/latex/environ/environ.sty
Package: environ 2014/05/04 v0.3 A new way to define environments
(/Users/chris/Library/TinyTeX/texmf-dist/tex/latex/trimspaces/trimspaces.sty
Package: trimspaces 2009/09/17 v1.1 Trim spaces around a token list
))
\TPTL@width=\skip73
) (/Users/chris/Library/TinyTeX/texmf-dist/tex/generic/ulem/ulem.sty
\UL@box=\box73
\UL@hyphenbox=\box74
\UL@skip=\skip74
\UL@hook=\toks37
\UL@height=\dimen196
\UL@pe=\count316
\UL@pixel=\dimen197
\ULC@box=\box75
Package: ulem 2019/11/18
\ULdepth=\dimen198
) (/Users/chris/Library/TinyTeX/texmf-dist/tex/latex/makecell/makecell.sty
Package: makecell 2009/08/03 V0.1e Managing of Tab Column Heads and Cells
\rotheadsize=\dimen199
\c@nlinenum=\count317
\TeXr@lab=\toks38
) (/Users/chris/Library/TinyTeX/texmf-dist/tex/latex/xcolor/xcolor.sty
Package: xcolor 2016/05/11 v2.12 LaTeX color extensions (UK)
(/Users/chris/Library/TinyTeX/texmf-dist/tex/latex/graphics-cfg/color.cfg
File: color.cfg 2016/01/02 v1.6 sample color configuration
)
Package xcolor Info: Driver file: pdftex.def on input line 225.
LaTeX Info: Redefining \color on input line 709.
Package xcolor Info: Model `cmy' substituted by `cmy0' on input line 1348.
Package xcolor Info: Model `hsb' substituted by `rgb' on input line 1352.
Package xcolor Info: Model `RGB' extended on input line 1364.
Package xcolor Info: Model `HTML' substituted by `rgb' on input line 1366.
Package xcolor Info: Model `Hsb' substituted by `hsb' on input line 1367.
Package xcolor Info: Model `tHsb' substituted by `hsb' on input line 1368.
Package xcolor Info: Model `HSB' substituted by `hsb' on input line 1369.
Package xcolor Info: Model `Gray' substituted by `gray' on input line 1370.
Package xcolor Info: Model `wave' substituted by `hsb' on input line 1371.
)
LaTeX Font Info:    Trying to load font information for T1+lmr on input line 10
1.
(/Users/chris/Library/TinyTeX/texmf-dist/tex/latex/lm/t1lmr.fd
File: t1lmr.fd 2015/05/01 v1.6.1 Font defs for Latin Modern
)
(/Users/chris/Library/TinyTeX/texmf-dist/tex/latex/l3backend/l3backend-pdftex.d
ef
File: l3backend-pdftex.def 2021-08-04 L3 backend support: PDF output (pdfTeX)
\l__color_backend_stack_int=\count318
\l__pdf_internal_box=\box76
) (./Spatial-Availability.aux

LaTeX Warning: Label `fig:toy-example-availability-jobs' multiply defined.


LaTeX Warning: Label `fig:toy-example-availability-jobs-per-capita' multiply de
fined.


LaTeX Warning: Label `fig:toy-example-availability-workers' multiply defined.


LaTeX Warning: Label `fig:toy-example-availability-workers-per-job' multiply de
fined.


LaTeX Warning: Label `fig:toy-example-availability-with-catchments' multiply de
fined.


LaTeX Warning: Label `fig:toy-example-availability-with-catchments-per-capita' 
multiply defined.

)
\openout1 = `Spatial-Availability.aux'.

LaTeX Font Info:    Checking defaults for OML/cmm/m/it on input line 101.
LaTeX Font Info:    ... okay on input line 101.
LaTeX Font Info:    Checking defaults for OMS/cmsy/m/n on input line 101.
LaTeX Font Info:    ... okay on input line 101.
LaTeX Font Info:    Checking defaults for OT1/cmr/m/n on input line 101.
LaTeX Font Info:    ... okay on input line 101.
LaTeX Font Info:    Checking defaults for T1/cmr/m/n on input line 101.
LaTeX Font Info:    ... okay on input line 101.
LaTeX Font Info:    Checking defaults for TS1/cmr/m/n on input line 101.
LaTeX Font Info:    ... okay on input line 101.
LaTeX Font Info:    Checking defaults for OMX/cmex/m/n on input line 101.
LaTeX Font Info:    ... okay on input line 101.
LaTeX Font Info:    Checking defaults for U/cmr/m/n on input line 101.
LaTeX Font Info:    ... okay on input line 101.
LaTeX Font Info:    Checking defaults for PD1/pdf/m/n on input line 101.
LaTeX Font Info:    ... okay on input line 101.
LaTeX Font Info:    Checking defaults for PU/pdf/m/n on input line 101.
LaTeX Font Info:    ... okay on input line 101.

(/Users/chris/Library/TinyTeX/texmf-dist/tex/latex/epstopdf-pkg/epstopdf-base.s
ty
Package: epstopdf-base 2020-01-24 v2.11 Base part for package epstopdf
Package epstopdf-base Info: Redefining graphics rule for `.eps' on input line 4
85.

(/Users/chris/Library/TinyTeX/texmf-dist/tex/latex/latexconfig/epstopdf-sys.cfg
File: epstopdf-sys.cfg 2010/07/13 v1.3 Configuration of (r)epstopdf for TeX Liv
e
))
LaTeX Info: Redefining \microtypecontext on input line 101.
Package microtype Info: Generating PDF output.
Package microtype Info: Character protrusion enabled (level 2).
Package microtype Info: Using default protrusion set `alltext'.
Package microtype Info: Automatic font expansion enabled (level 2),
(microtype)             stretch: 20, shrink: 20, step: 1, non-selected.
Package microtype Info: Using default expansion set `alltext-nott'.
LaTeX Info: Redefining \showhyphens on input line 101.
Package microtype Info: No adjustment of tracking.
Package microtype Info: No adjustment of interword spacing.
Package microtype Info: No adjustment of character kerning.
(/Users/chris/Library/TinyTeX/texmf-dist/tex/latex/microtype/mt-cmr.cfg
File: mt-cmr.cfg 2013/05/19 v2.2 microtype config. file: Computer Modern Roman 
(RS)
)
Package hyperref Info: Link coloring OFF on input line 101.
(/Users/chris/Library/TinyTeX/texmf-dist/tex/latex/hyperref/nameref.sty
Package: nameref 2021-04-02 v2.47 Cross-referencing by name of section
(/Users/chris/Library/TinyTeX/texmf-dist/tex/latex/refcount/refcount.sty
Package: refcount 2019/12/15 v3.6 Data extraction from label references (HO)
)
(/Users/chris/Library/TinyTeX/texmf-dist/tex/generic/gettitlestring/gettitlestr
ing.sty
Package: gettitlestring 2019/12/15 v1.6 Cleanup title references (HO)
)
\c@section@level=\count319
)
LaTeX Info: Redefining \ref on input line 101.
LaTeX Info: Redefining \pageref on input line 101.
LaTeX Info: Redefining \nameref on input line 101.
(./Spatial-Availability.out) (./Spatial-Availability.out)
\@outlinefile=\write4
\openout4 = `Spatial-Availability.out'.

LaTeX Font Info:    Trying to load font information for OT1+lmr on input line 1
19.
(/Users/chris/Library/TinyTeX/texmf-dist/tex/latex/lm/ot1lmr.fd
File: ot1lmr.fd 2015/05/01 v1.6.1 Font defs for Latin Modern
)
LaTeX Font Info:    Trying to load font information for OML+lmm on input line 1
19.
(/Users/chris/Library/TinyTeX/texmf-dist/tex/latex/lm/omllmm.fd
File: omllmm.fd 2015/05/01 v1.6.1 Font defs for Latin Modern
)
LaTeX Font Info:    Trying to load font information for OMS+lmsy on input line 
119.
(/Users/chris/Library/TinyTeX/texmf-dist/tex/latex/lm/omslmsy.fd
File: omslmsy.fd 2015/05/01 v1.6.1 Font defs for Latin Modern
)
LaTeX Font Info:    Trying to load font information for OMX+lmex on input line 
119.
(/Users/chris/Library/TinyTeX/texmf-dist/tex/latex/lm/omxlmex.fd
File: omxlmex.fd 2015/05/01 v1.6.1 Font defs for Latin Modern
)
LaTeX Font Info:    External font `lmex10' loaded for size
(Font)              <8> on input line 119.
LaTeX Font Info:    External font `lmex10' loaded for size
(Font)              <6> on input line 119.
LaTeX Font Info:    External font `lmex10' loaded for size
(Font)              <5> on input line 119.
LaTeX Font Info:    Trying to load font information for U+msa on input line 119
.
(/Users/chris/Library/TinyTeX/texmf-dist/tex/latex/amsfonts/umsa.fd
File: umsa.fd 2013/01/14 v3.01 AMS symbols A
) (/Users/chris/Library/TinyTeX/texmf-dist/tex/latex/microtype/mt-msa.cfg
File: mt-msa.cfg 2006/02/04 v1.1 microtype config. file: AMS symbols (a) (RS)
)
LaTeX Font Info:    Trying to load font information for U+msb on input line 119
.
(/Users/chris/Library/TinyTeX/texmf-dist/tex/latex/amsfonts/umsb.fd
File: umsb.fd 2013/01/14 v3.01 AMS symbols B
) (/Users/chris/Library/TinyTeX/texmf-dist/tex/latex/microtype/mt-msb.cfg
File: mt-msb.cfg 2005/06/01 v1.0 microtype config. file: AMS symbols (b) (RS)
)
LaTeX Font Info:    Trying to load font information for T1+lmtt on input line 1
19.
(/Users/chris/Library/TinyTeX/texmf-dist/tex/latex/lm/t1lmtt.fd
File: t1lmtt.fd 2015/05/01 v1.6.1 Font defs for Latin Modern
)
Package microtype Info: Loading generic protrusion settings for font family
(microtype)             `lmtt' (encoding: T1).
(microtype)             For optimal results, create family-specific settings.
(microtype)             See the microtype manual for details.
LaTeX Font Info:    External font `lmex10' loaded for size
(Font)              <10> on input line 119.
LaTeX Font Info:    External font `lmex10' loaded for size
(Font)              <7> on input line 119.
[1


{/Users/chris/Library/TinyTeX/texmf-var/fonts/map/pdftex/updmap/pdftex.map}] [2
] [3]
LaTeX Font Info:    Trying to load font information for TS1+lmr on input line 2
40.
(/Users/chris/Library/TinyTeX/texmf-dist/tex/latex/lm/ts1lmr.fd
File: ts1lmr.fd 2015/05/01 v1.6.1 Font defs for Latin Modern
)
<images/figure-1.png, id=94, 903.375pt x 602.25pt>
File: images/figure-1.png Graphic file (type png)
<use images/figure-1.png>
Package pdftex.def Info: images/figure-1.png  used on input line 312.
(pdftex.def)             Requested size: 903.3728pt x 602.24852pt.

Overfull \vbox (461.84856pt too high) detected at line 312
 []

<Spatial-Availability_files/figure-latex/toy-example-accessibility-plot-1.pdf, 
id=96, 469.755pt x 325.215pt>
File: Spatial-Availability_files/figure-latex/toy-example-accessibility-plot-1.
pdf Graphic file (type pdf)
<use Spatial-Availability_files/figure-latex/toy-example-accessibility-plot-1.p
df>
Package pdftex.def Info: Spatial-Availability_files/figure-latex/toy-example-ac
cessibility-plot-1.pdf  used on input line 323.
(pdftex.def)             Requested size: 345.0pt x 238.84406pt.
[4pdfTeX warning (ext4): destination with the same identifier (name{table.1}) h
as been already used, duplicate ignored
<argument> ...shipout:D \box_use:N \l_shipout_box 
                                                  \__shipout_drop_firstpage_...
l.331 
       <./images/figure-1.png>] [5pdfTeX warning (ext4): destination with the s
ame identifier (name{figure.1}) has been already used, duplicate ignored
<argument> ...shipout:D \box_use:N \l_shipout_box 
                                                  \__shipout_drop_firstpage_...
l.363 
       <./Spatial-Availability_files/figure-latex/toy-example-accessibility-plo
t-1.pdf>] [6] [7] [8] [9]
<Spatial-Availability_files/figure-latex/toy-example-availability-jobs-1.pdf, i
d=147, 469.755pt x 325.215pt>
File: Spatial-Availability_files/figure-latex/toy-example-availability-jobs-1.p
df Graphic file (type pdf)
<use Spatial-Availability_files/figure-latex/toy-example-availability-jobs-1.pd
f>
Package pdftex.def Info: Spatial-Availability_files/figure-latex/toy-example-av
ailability-jobs-1.pdf  used on input line 636.
(pdftex.def)             Requested size: 345.0pt x 238.84406pt.
[10pdfTeX warning (ext4): destination with the same identifier (name{figure.2})
 has been already used, duplicate ignored
<argument> ...shipout:D \box_use:N \l_shipout_box 
                                                  \__shipout_drop_firstpage_...
l.657 \end{verbatim}
                     <./Spatial-Availability_files/figure-latex/toy-example-ava
ilability-jobs-1.pdf>]
<Spatial-Availability_files/figure-latex/toy-example-availability-jobs-per-capi
ta-1.pdf, id=159, 469.755pt x 325.215pt>
File: Spatial-Availability_files/figure-latex/toy-example-availability-jobs-per
-capita-1.pdf Graphic file (type pdf)
<use Spatial-Availability_files/figure-latex/toy-example-availability-jobs-per-
capita-1.pdf>
Package pdftex.def Info: Spatial-Availability_files/figure-latex/toy-example-av
ailability-jobs-per-capita-1.pdf  used on input line 662.
(pdftex.def)             Requested size: 345.0pt x 238.84406pt.
[11pdfTeX warning (ext4): destination with the same identifier (name{figure.3})
 has been already used, duplicate ignored
<argument> ...shipout:D \box_use:N \l_shipout_box 
                                                  \__shipout_drop_firstpage_...
l.683 \begin{verbatim}
                       <./Spatial-Availability_files/figure-latex/toy-example-a
vailability-jobs-per-capita-1.pdf>]
<Spatial-Availability_files/figure-latex/toy-example-availability-workers-1.pdf
, id=173, 469.755pt x 325.215pt>
File: Spatial-Availability_files/figure-latex/toy-example-availability-workers-
1.pdf Graphic file (type pdf)
<use Spatial-Availability_files/figure-latex/toy-example-availability-workers-1
.pdf>
Package pdftex.def Info: Spatial-Availability_files/figure-latex/toy-example-av
ailability-workers-1.pdf  used on input line 703.
(pdftex.def)             Requested size: 345.0pt x 238.84406pt.
<Spatial-Availability_files/figure-latex/toy-example-availability-workers-per-j
ob-1.pdf, id=174, 469.755pt x 325.215pt>
File: Spatial-Availability_files/figure-latex/toy-example-availability-workers-
per-job-1.pdf Graphic file (type pdf)
<use Spatial-Availability_files/figure-latex/toy-example-availability-workers-p
er-job-1.pdf>
Package pdftex.def Info: Spatial-Availability_files/figure-latex/toy-example-av
ailability-workers-per-job-1.pdf  used on input line 716.
(pdftex.def)             Requested size: 345.0pt x 238.84406pt.
[12pdfTeX warning (ext4): destination with the same identifier (name{figure.4})
 has been already used, duplicate ignored
<argument> ...shipout:D \box_use:N \l_shipout_box 
                                                  \__shipout_drop_firstpage_...
l.730 
       <./Spatial-Availability_files/figure-latex/toy-example-availability-work
ers-1.pdf>]
<Spatial-Availability_files/figure-latex/toy-example-plot-catchments-1.pdf, id=
187, 469.755pt x 325.215pt>
File: Spatial-Availability_files/figure-latex/toy-example-plot-catchments-1.pdf
 Graphic file (type pdf)
<use Spatial-Availability_files/figure-latex/toy-example-plot-catchments-1.pdf>

Package pdftex.def Info: Spatial-Availability_files/figure-latex/toy-example-pl
ot-catchments-1.pdf  used on input line 732.
(pdftex.def)             Requested size: 345.0pt x 238.84406pt.
[13pdfTeX warning (ext4): destination with the same identifier (name{figure.5})
 has been already used, duplicate ignored
<argument> ...shipout:D \box_use:N \l_shipout_box 
                                                  \__shipout_drop_firstpage_...
l.756 \end{verbatim}
                     <./Spatial-Availability_files/figure-latex/toy-example-ava
ilability-workers-per-job-1.pdf>]
<Spatial-Availability_files/figure-latex/toy-example-availability-with-catchmen
ts-1.pdf, id=200, 469.755pt x 325.215pt>
File: Spatial-Availability_files/figure-latex/toy-example-availability-with-cat
chments-1.pdf Graphic file (type pdf)
<use Spatial-Availability_files/figure-latex/toy-example-availability-with-catc
hments-1.pdf>
Package pdftex.def Info: Spatial-Availability_files/figure-latex/toy-example-av
ailability-with-catchments-1.pdf  used on input line 761.
(pdftex.def)             Requested size: 345.0pt x 238.84406pt.
<Spatial-Availability_files/figure-latex/toy-example-availability-with-catchmen
ts-per-capita-1.pdf, id=202, 469.755pt x 325.215pt>
File: Spatial-Availability_files/figure-latex/toy-example-availability-with-cat
chments-per-capita-1.pdf Graphic file (type pdf)
<use Spatial-Availability_files/figure-latex/toy-example-availability-with-catc
hments-per-capita-1.pdf>
Package pdftex.def Info: Spatial-Availability_files/figure-latex/toy-example-av
ailability-with-catchments-per-capita-1.pdf  used on input line 771.
(pdftex.def)             Requested size: 345.0pt x 238.84406pt.
[14pdfTeX warning (ext4): destination with the same identifier (name{figure.6})
 has been already used, duplicate ignored
<argument> ...shipout:D \box_use:N \l_shipout_box 
                                                  \__shipout_drop_firstpage_...
l.797 
       <./Spatial-Availability_files/figure-latex/toy-example-plot-catchments-1
.pdf>]
<Spatial-Availability_files/figure-latex/indexed-measures-comparison-1.pdf, id=
219, 469.755pt x 325.215pt>
File: Spatial-Availability_files/figure-latex/indexed-measures-comparison-1.pdf
 Graphic file (type pdf)
<use Spatial-Availability_files/figure-latex/indexed-measures-comparison-1.pdf>

Package pdftex.def Info: Spatial-Availability_files/figure-latex/indexed-measur
es-comparison-1.pdf  used on input line 798.
(pdftex.def)             Requested size: 345.0pt x 238.84406pt.

Overfull \hbox (15.0pt too wide) in paragraph at lines 798--799
[][] 
 []

[15pdfTeX warning (ext4): destination with the same identifier (name{figure.7})
 has been already used, duplicate ignored
<argument> ...shipout:D \box_use:N \l_shipout_box 
                                                  \__shipout_drop_firstpage_...
l.800 T
       he figure suggests that high accessibility does not necessarily mean <./
Spatial-Availability_files/figure-latex/toy-example-availability-with-catchment
s-1.pdf>] [16pdfTeX warning (ext4): destination with the same identifier (name{
figure.8}) has been already used, duplicate ignored
<argument> ...shipout:D \box_use:N \l_shipout_box 
                                                  \__shipout_drop_firstpage_...
l.805 ...el{how-are-the-these-measures-different}}
                                                   <./Spatial-Availability_file
s/figure-latex/toy-example-availability-with-catchments-per-capita-1.pdf> <./Sp
atial-Availability_files/figure-latex/indexed-measures-comparison-1.pdf>]
Overfull \hbox (38.58804pt too wide) in paragraph at lines 862--867
\T1/lmr/m/n/10 (-20) op-ment. Jour-nal of Trans-port Ge-og-ra-phy 70, 11--20. d
oi:[]10.1016/j.jtrangeo.2018.05.015[] 
 []


Overfull \hbox (60.37517pt too wide) in paragraph at lines 874--878
\T1/lmr/m/n/10 (-20) tion Re-search Part D: Trans-port and En-vi-ron-ment 83, 1
02319. doi:[]10.1016/j.trd.2020.102319[] 
 []

[17]
Overfull \hbox (2.75409pt too wide) in paragraph at lines 897--901
\T1/lmr/m/n/10 (-20) plan-ning. Trans-port Re-views 38, 551--555. doi:[]10.1080
/01441647.2018.1492778[] 
 []

[18] (./Spatial-Availability.aux)

LaTeX Warning: There were multiply-defined labels.

Package rerunfilecheck Info: File `Spatial-Availability.out' has not changed.
(rerunfilecheck)             Checksum: A080EB088F8CF076434B96CC5227E9D7;2888.
 ) 
Here is how much of TeX's memory you used:
 13974 strings out of 480559
 214633 string characters out of 5902619
 552501 words of memory out of 5000000
 31076 multiletter control sequences out of 15000+600000
 463473 words of font info for 143 fonts, out of 8000000 for 9000
 14 hyphenation exceptions out of 8191
 72i,16n,80p,487b,490s stack positions out of 5000i,500n,10000p,200000b,80000s
{/Users/chris/Library/TinyTeX/texmf-dist/fonts/enc/dvips/lm/lm-ec.enc}{/Users
/chris/Library/TinyTeX/texmf-dist/fonts/enc/dvips/lm/lm-rm.enc}{/Users/chris/Li
brary/TinyTeX/texmf-dist/fonts/enc/dvips/lm/lm-mathit.enc}{/Users/chris/Library
/TinyTeX/texmf-dist/fonts/enc/dvips/lm/lm-mathsy.enc}{/Users/chris/Library/Tiny
TeX/texmf-dist/fonts/enc/dvips/lm/lm-ts1.enc}{/Users/chris/Library/TinyTeX/texm
f-dist/fonts/enc/dvips/lm/lm-mathex.enc}</Users/chris/Library/TinyTeX/texmf-dis
t/fonts/type1/public/lm/lmbx10.pfb></Users/chris/Library/TinyTeX/texmf-dist/fon
ts/type1/public/lm/lmex10.pfb></Users/chris/Library/TinyTeX/texmf-dist/fonts/ty
pe1/public/lm/lmmi10.pfb></Users/chris/Library/TinyTeX/texmf-dist/fonts/type1/p
ublic/lm/lmmi5.pfb></Users/chris/Library/TinyTeX/texmf-dist/fonts/type1/public/
lm/lmmi7.pfb></Users/chris/Library/TinyTeX/texmf-dist/fonts/type1/public/lm/lmr
10.pfb></Users/chris/Library/TinyTeX/texmf-dist/fonts/type1/public/lm/lmr12.pfb
></Users/chris/Library/TinyTeX/texmf-dist/fonts/type1/public/lm/lmr5.pfb></User
s/chris/Library/TinyTeX/texmf-dist/fonts/type1/public/lm/lmr7.pfb></Users/chris
/Library/TinyTeX/texmf-dist/fonts/type1/public/lm/lmr8.pfb></Users/chris/Librar
y/TinyTeX/texmf-dist/fonts/type1/public/lm/lmri10.pfb></Users/chris/Library/Tin
yTeX/texmf-dist/fonts/type1/public/lm/lmri7.pfb></Users/chris/Library/TinyTeX/t
exmf-dist/fonts/type1/public/lm/lmri8.pfb></Users/chris/Library/TinyTeX/texmf-d
ist/fonts/type1/public/lm/lmsy10.pfb></Users/chris/Library/TinyTeX/texmf-dist/f
onts/type1/public/lm/lmsy6.pfb></Users/chris/Library/TinyTeX/texmf-dist/fonts/t
ype1/public/lm/lmsy7.pfb></Users/chris/Library/TinyTeX/texmf-dist/fonts/type1/p
ublic/lm/lmtt10.pfb></Users/chris/Library/TinyTeX/texmf-dist/fonts/type1/public
/lm/lmtt8.pfb>
Output written on Spatial-Availability.pdf (18 pages, 425702 bytes).
PDF statistics:
 404 PDF objects out of 1000 (max. 8388607)
 310 compressed objects within 4 object streams
 74 named destinations out of 1000 (max. 500000)
 31915 words of extra memory for PDF output out of 35830 (max. 10000000)

