\BOOKMARK [1][-]{section*.1}{\376\377\000I\000n\000t\000r\000o\000d\000u\000c\000t\000i\000o\000n}{}% 1
\BOOKMARK [1][-]{section*.2}{\376\377\000B\000a\000c\000k\000g\000r\000o\000u\000n\000d}{}% 2
\BOOKMARK [2][-]{section*.3}{\376\377\000A\000c\000c\000e\000s\000s\000i\000b\000i\000l\000i\000t\000y\000\040\000N\000u\000m\000e\000r\000i\000c\000a\000l\000\040\000E\000x\000a\000m\000p\000l\000e}{section*.2}% 3
\BOOKMARK [3][-]{section*.6}{\376\377\000I\000s\000s\000u\000e\000s\000\040\000W\000i\000t\000h\000\040\000t\000h\000e\000\040\000C\000o\000n\000v\000e\000n\000t\000i\000o\000n\000a\000l\000\040\000A\000c\000c\000e\000s\000s\000i\000b\000i\000l\000i\000t\000y\000\040\000M\000e\000a\000s\000u\000r\000e}{section*.3}% 4
\BOOKMARK [2][-]{section*.7}{\376\377\000T\000h\000e\000\040\000A\000n\000a\000l\000y\000t\000i\000c\000a\000l\000\040\000F\000r\000a\000m\000e\000w\000o\000r\000k\000\040\000o\000f\000\040\000S\000p\000a\000t\000i\000a\000l\000\040\000A\000v\000a\000i\000l\000a\000b\000i\000l\000i\000t\000y}{section*.2}% 5
\BOOKMARK [3][-]{section*.8}{\376\377\000P\000o\000p\000u\000l\000a\000t\000i\000o\000n\000\040\000a\000n\000d\000\040\000T\000r\000a\000v\000e\000l\000\040\000C\000o\000s\000t\000\040\000A\000l\000l\000o\000c\000a\000t\000i\000o\000n\000\040\000F\000a\000c\000t\000o\000r\000s}{section*.7}% 6
\BOOKMARK [3][-]{section*.9}{\376\377\000P\000u\000t\000t\000i\000n\000g\000\040\000S\000p\000a\000t\000i\000a\000l\000\040\000A\000v\000a\000i\000l\000a\000b\000i\000l\000i\000t\000y\000\040\000T\000o\000g\000e\000t\000h\000e\000r}{section*.7}% 7
\BOOKMARK [1][-]{section*.10}{\376\377\000E\000m\000p\000i\000r\000i\000c\000a\000l\000\040\000E\000x\000a\000m\000p\000l\000e\000:\000\040\000S\000p\000a\000t\000i\000a\000l\000\040\000A\000v\000a\000i\000l\000a\000b\000i\000l\000i\000t\000y\000\040\000a\000n\000d\000\040\000A\000c\000c\000e\000s\000s\000i\000b\000i\000l\000i\000t\000y\000\040\000o\000f\000\040\000J\000o\000b\000s\000\040\000i\000n\000\040\000T\000o\000r\000o\000n\000t\000o}{}% 8
\BOOKMARK [2][-]{section*.11}{\376\377\000D\000a\000t\000a}{section*.10}% 9
\BOOKMARK [2][-]{section*.14}{\376\377\000C\000a\000l\000i\000b\000r\000a\000t\000i\000n\000g\000\040\000a\000n\000\040\000I\000m\000p\000e\000d\000a\000n\000c\000e\000\040\000F\000u\000n\000c\000t\000i\000o\000n}{section*.10}% 10
\BOOKMARK [2][-]{section*.17}{\376\377\000A\000c\000c\000e\000s\000s\000i\000b\000i\000l\000i\000t\000y\000\040\000a\000n\000d\000\040\000S\000p\000a\000t\000i\000a\000l\000\040\000A\000v\000a\000i\000l\000a\000b\000i\000l\000i\000t\000y\000\040\000o\000f\000\040\000J\000o\000b\000s\000\040\000i\000n\000\040\000T\000o\000r\000o\000n\000t\000o}{section*.10}% 11
\BOOKMARK [2][-]{section*.20}{\376\377\000A\000c\000c\000e\000s\000s\000i\000b\000i\000l\000i\000t\000y\000\040\000a\000n\000d\000\040\000S\000p\000a\000t\000i\000a\000l\000\040\000A\000v\000a\000i\000l\000a\000b\000i\000l\000t\000i\000y\000\040\000o\000f\000\040\000a\000l\000l\000\040\000j\000o\000b\000s\000\040\000i\000n\000\040\000G\000G\000H}{section*.10}% 12
\BOOKMARK [1][-]{section*.23}{\376\377\000D\000i\000s\000c\000u\000s\000s\000i\000o\000n}{}% 13
\BOOKMARK [2][-]{section*.24}{\376\377\000C\000o\000m\000p\000a\000r\000i\000n\000g\000\040\000O\000p\000p\000o\000r\000t\000u\000n\000i\000t\000y\000\040\000A\000c\000c\000e\000s\000s\000\040\000M\000e\000a\000s\000u\000r\000e\000s\000\040\000-\000\040\000T\000o\000r\000o\000n\000t\000o}{section*.23}% 14
\BOOKMARK [2][-]{section*.27}{\376\377\000C\000o\000m\000p\000a\000r\000i\000n\000g\000\040\000O\000p\000p\000o\000r\000t\000u\000n\000i\000t\000i\000e\000s\000\040\000A\000c\000c\000e\000s\000s\000\040\000M\000e\000a\000s\000u\000r\000e\000s\000\040\000-\000\040\000A\000l\000l\000\040\000G\000G\000H}{section*.23}% 15
\BOOKMARK [2][-]{section*.29}{\376\377\000C\000o\000n\000t\000e\000x\000t\000u\000a\000l\000i\000z\000i\000n\000g\000\040\000S\000p\000a\000t\000i\000a\000l\000\040\000A\000v\000a\000i\000l\000a\000b\000i\000l\000i\000t\000y\000\040\000U\000s\000e\000\040\000C\000a\000s\000e\000s}{section*.23}% 16
\BOOKMARK [2][-]{section*.30}{\376\377\000S\000p\000a\000t\000i\000a\000l\000\040\000A\000v\000a\000i\000l\000a\000b\000i\000l\000i\000t\000y\000\040\000U\000s\000e\000\040\000C\000a\000s\000e\000s}{section*.23}% 17
\BOOKMARK [3][-]{section*.31}{\376\377\000A\000v\000a\000i\000l\000a\000b\000l\000e\000\040\000J\000o\000b\000s\000\040\000f\000o\000r\000\040\000T\000h\000e\000\040\000W\000o\000r\000k\000i\000n\000g\000\040\000P\000o\000p\000u\000l\000a\000t\000i\000o\000n}{section*.30}% 18
\BOOKMARK [3][-]{section*.34}{\376\377\000A\000v\000a\000i\000l\000a\000b\000l\000e\000\040\000J\000o\000b\000s\000\040\000f\000o\000r\000\040\000S\000p\000e\000c\000i\000a\000l\000i\000z\000e\000d\000\040\000W\000o\000r\000k\000i\000n\000g\000\040\000P\000o\000p\000u\000l\000a\000t\000i\000o\000n\000s}{section*.30}% 19
\BOOKMARK [3][-]{section*.37}{\376\377\000A\000v\000a\000i\000l\000a\000b\000l\000e\000\040\000W\000o\000r\000k\000e\000r\000s\000\040\000f\000o\000r\000\040\000E\000m\000p\000l\000o\000y\000m\000e\000n\000t\000\040\000C\000e\000n\000t\000e\000r\000s}{section*.30}% 20
\BOOKMARK [2][-]{section*.40}{\376\377\000L\000i\000m\000i\000t\000a\000t\000i\000o\000n\000s}{section*.23}% 21
\BOOKMARK [1][-]{section*.41}{\376\377\000C\000o\000n\000c\000l\000u\000s\000i\000o\000n}{}% 22
\BOOKMARK [1][-]{section*.42}{\376\377\000R\000e\000f\000e\000r\000e\000n\000c\000e\000s}{}% 23
